<?xml version="1.0" encoding="UTF-8"?>
<!-- Generated by org.testng.reporters.JUnitXMLReporter -->
<testsuite hostname="LAPTOP-UKH4LLN4" ignored="0" name="Test" tests="4" failures="0" timestamp="03 Oct 2018 05:22:10 GMT" time="62.003" errors="0">
  <testcase name="login" time="25.927" classname="testcases.Tc001_LoginAndLogout"/>
  <testcase name="createLead" time="48.315" classname="testcases.Tc002_CreateLead"/>
  <testcase name="editLead" time="60.43" classname="testcases.Tc005_EditLead"/>
  <testcase name="deleteLead" time="61.967" classname="testcases.Tc006_DeleteLead"/>
</testsuite> <!-- Test -->
