<?xml version="1.0" encoding="UTF-8"?>
<testng-results skipped="0" failed="0" ignored="0" total="1" passed="1">
  <reporter-output>
  </reporter-output>
  <suite name="Default suite" duration-ms="40742" started-at="2018-10-23T14:52:26Z" finished-at="2018-10-23T14:53:06Z">
    <groups>
    </groups>
    <test name="Default test" duration-ms="40742" started-at="2018-10-23T14:52:26Z" finished-at="2018-10-23T14:53:06Z">
      <class name="challenge.AlertSnapUsingRobotClass">
        <test-method status="PASS" signature="takeSnap()[pri:0, instance:challenge.AlertSnapUsingRobotClass@42e26948]" name="takeSnap" duration-ms="40648" started-at="2018-10-23T14:52:26Z" finished-at="2018-10-23T14:53:06Z">
          <reporter-output>
          </reporter-output>
        </test-method> <!-- takeSnap -->
      </class> <!-- challenge.AlertSnapUsingRobotClass -->
    </test> <!-- Default test -->
  </suite> <!-- Default suite -->
</testng-results>
